0 info it worked if it ends with ok
1 verbose cli [ '/usr/local/bin/node', '/usr/local/bin/npm', 'install' ]
2 info using npm@2.14.2
3 info using node@v4.0.0
4 verbose readDependencies loading dependencies from /Users/James/Familee/package.json
5 warn package.json Familee@0.0.1 No description
6 warn package.json Familee@0.0.1 No README data
7 warn package.json Familee@0.0.1 No license field.
8 verbose install where, deps [ '/Users/James/Familee',
8 verbose install   [ 'express',
8 verbose install     'body-parser',
8 verbose install     'bcrypt',
8 verbose install     'cookie-parser',
8 verbose install     'express-session',
8 verbose install     'grunt-nodemon',
8 verbose install     'grunt-shell-spawn',
8 verbose install     'passport',
8 verbose install     'passport-local',
8 verbose install     'grunt-contrib-sass',
8 verbose install     'twilio',
8 verbose install     'redis',
8 verbose install     'grant-express' ] ]
9 verbose install where, peers [ '/Users/James/Familee', [] ]
10 verbose installManyTop reading for lifecycle /Users/James/Familee/package.json
11 info preinstall Familee@0.0.1
12 verbose installManyTop reading scoped package data from /Users/James/Familee/node_modules/bcrypt/package.json
13 verbose installManyTop reading scoped package data from /Users/James/Familee/node_modules/body-parser/package.json
14 verbose installManyTop reading scoped package data from /Users/James/Familee/node_modules/cookie-parser/package.json
15 verbose installManyTop reading scoped package data from /Users/James/Familee/node_modules/express/package.json
16 verbose installManyTop reading scoped package data from /Users/James/Familee/node_modules/express-session/package.json
17 verbose installManyTop reading scoped package data from /Users/James/Familee/node_modules/grant/package.json
18 verbose installManyTop reading scoped package data from /Users/James/Familee/node_modules/grunt/package.json
19 verbose installManyTop reading scoped package data from /Users/James/Familee/node_modules/grunt-contrib-sass/package.json
20 verbose installManyTop reading scoped package data from /Users/James/Familee/node_modules/grunt-nodemon/package.json
21 verbose installManyTop reading scoped package data from /Users/James/Familee/node_modules/grunt-shell-spawn/package.json
22 verbose installManyTop reading scoped package data from /Users/James/Familee/node_modules/passport/package.json
23 verbose installManyTop reading scoped package data from /Users/James/Familee/node_modules/passport-local/package.json
24 verbose installManyTop reading scoped package data from /Users/James/Familee/node_modules/redis/package.json
25 verbose installManyTop reading scoped package data from /Users/James/Familee/node_modules/twilio/package.json
26 info package.json grunt@0.4.5 No license field.
27 info package.json grunt-contrib-sass@0.9.2 No license field.
28 info package.json passport-local@1.0.0 No license field.
29 info package.json grunt-shell-spawn@0.3.10 No license field.
30 verbose readDependencies loading dependencies from /Users/James/Familee/package.json
31 verbose targetResolver reading package data from /Users/James/Familee/node_modules/bcrypt/package.json
32 verbose targetResolver reading package data from /Users/James/Familee/node_modules/body-parser/package.json
33 verbose targetResolver reading package data from /Users/James/Familee/node_modules/cookie-parser/package.json
34 verbose targetResolver reading package data from /Users/James/Familee/node_modules/express/package.json
35 verbose targetResolver reading package data from /Users/James/Familee/node_modules/express-session/package.json
36 verbose targetResolver reading package data from /Users/James/Familee/node_modules/grant/package.json
37 verbose targetResolver reading package data from /Users/James/Familee/node_modules/grunt/package.json
38 verbose targetResolver reading package data from /Users/James/Familee/node_modules/grunt-contrib-sass/package.json
39 verbose targetResolver reading package data from /Users/James/Familee/node_modules/grunt-nodemon/package.json
40 verbose targetResolver reading package data from /Users/James/Familee/node_modules/grunt-shell-spawn/package.json
41 verbose targetResolver reading package data from /Users/James/Familee/node_modules/passport/package.json
42 verbose targetResolver reading package data from /Users/James/Familee/node_modules/passport-local/package.json
43 verbose targetResolver reading package data from /Users/James/Familee/node_modules/redis/package.json
44 verbose targetResolver reading package data from /Users/James/Familee/node_modules/twilio/package.json
45 verbose targetResolver reading package data from /Users/James/Familee/node_modules/.bin/grunt-shell-spawn/package.json
46 silly cache add args [ 'passport@latest', null ]
47 verbose cache add spec passport@latest
48 silly cache add args [ 'passport-local@latest', null ]
49 verbose cache add spec passport-local@latest
50 silly cache add args [ 'grunt-contrib-sass@latest', null ]
51 verbose cache add spec grunt-contrib-sass@latest
52 silly cache add args [ 'twilio@latest', null ]
53 verbose cache add spec twilio@latest
54 silly cache add args [ 'redis@latest', null ]
55 verbose cache add spec redis@latest
56 silly cache add args [ 'grant-express@592720d305a1a593b1bc99cf7c1be93924e16c7b',
56 silly cache add   null ]
57 verbose cache add spec grant-express@592720d305a1a593b1bc99cf7c1be93924e16c7b
58 silly cache add args [ 'express@latest', null ]
59 verbose cache add spec express@latest
60 silly cache add args [ 'body-parser@latest', null ]
61 verbose cache add spec body-parser@latest
62 silly cache add parsed spec Result {
62 silly cache add   raw: 'passport@latest',
62 silly cache add   scope: null,
62 silly cache add   name: 'passport',
62 silly cache add   rawSpec: 'latest',
62 silly cache add   spec: 'latest',
62 silly cache add   type: 'tag' }
63 silly addNamed passport@latest
64 verbose addNamed "latest" is being treated as a dist-tag for passport
65 info addNameTag [ 'passport', 'latest' ]
66 silly mapToRegistry name passport
67 silly mapToRegistry using default registry
68 silly mapToRegistry registry https://registry.npmjs.org/
69 silly mapToRegistry uri https://registry.npmjs.org/passport
70 verbose addNameTag registry:https://registry.npmjs.org/passport not in flight; fetching
71 silly cache add parsed spec Result {
71 silly cache add   raw: 'passport-local@latest',
71 silly cache add   scope: null,
71 silly cache add   name: 'passport-local',
71 silly cache add   rawSpec: 'latest',
71 silly cache add   spec: 'latest',
71 silly cache add   type: 'tag' }
72 silly addNamed passport-local@latest
73 verbose addNamed "latest" is being treated as a dist-tag for passport-local
74 info addNameTag [ 'passport-local', 'latest' ]
75 silly mapToRegistry name passport-local
76 silly mapToRegistry using default registry
77 silly mapToRegistry registry https://registry.npmjs.org/
78 silly mapToRegistry uri https://registry.npmjs.org/passport-local
79 verbose addNameTag registry:https://registry.npmjs.org/passport-local not in flight; fetching
80 silly cache add parsed spec Result {
80 silly cache add   raw: 'grunt-contrib-sass@latest',
80 silly cache add   scope: null,
80 silly cache add   name: 'grunt-contrib-sass',
80 silly cache add   rawSpec: 'latest',
80 silly cache add   spec: 'latest',
80 silly cache add   type: 'tag' }
81 silly addNamed grunt-contrib-sass@latest
82 verbose addNamed "latest" is being treated as a dist-tag for grunt-contrib-sass
83 info addNameTag [ 'grunt-contrib-sass', 'latest' ]
84 silly mapToRegistry name grunt-contrib-sass
85 silly mapToRegistry using default registry
86 silly mapToRegistry registry https://registry.npmjs.org/
87 silly mapToRegistry uri https://registry.npmjs.org/grunt-contrib-sass
88 verbose addNameTag registry:https://registry.npmjs.org/grunt-contrib-sass not in flight; fetching
89 silly cache add parsed spec Result {
89 silly cache add   raw: 'twilio@latest',
89 silly cache add   scope: null,
89 silly cache add   name: 'twilio',
89 silly cache add   rawSpec: 'latest',
89 silly cache add   spec: 'latest',
89 silly cache add   type: 'tag' }
90 silly addNamed twilio@latest
91 verbose addNamed "latest" is being treated as a dist-tag for twilio
92 info addNameTag [ 'twilio', 'latest' ]
93 silly mapToRegistry name twilio
94 silly mapToRegistry using default registry
95 silly mapToRegistry registry https://registry.npmjs.org/
96 silly mapToRegistry uri https://registry.npmjs.org/twilio
97 verbose addNameTag registry:https://registry.npmjs.org/twilio not in flight; fetching
98 silly cache add parsed spec Result {
98 silly cache add   raw: 'redis@latest',
98 silly cache add   scope: null,
98 silly cache add   name: 'redis',
98 silly cache add   rawSpec: 'latest',
98 silly cache add   spec: 'latest',
98 silly cache add   type: 'tag' }
99 silly addNamed redis@latest
100 verbose addNamed "latest" is being treated as a dist-tag for redis
101 info addNameTag [ 'redis', 'latest' ]
102 silly mapToRegistry name redis
103 silly mapToRegistry using default registry
104 silly mapToRegistry registry https://registry.npmjs.org/
105 silly mapToRegistry uri https://registry.npmjs.org/redis
106 verbose addNameTag registry:https://registry.npmjs.org/redis not in flight; fetching
107 silly cache add parsed spec Result {
107 silly cache add   raw: 'grant-express@592720d305a1a593b1bc99cf7c1be93924e16c7b',
107 silly cache add   scope: null,
107 silly cache add   name: 'grant-express',
107 silly cache add   rawSpec: '592720d305a1a593b1bc99cf7c1be93924e16c7b',
107 silly cache add   spec: '592720d305a1a593b1bc99cf7c1be93924e16c7b',
107 silly cache add   type: 'tag' }
108 silly addNamed grant-express@592720d305a1a593b1bc99cf7c1be93924e16c7b
109 verbose addNamed "592720d305a1a593b1bc99cf7c1be93924e16c7b" is being treated as a dist-tag for grant-express
110 info addNameTag [ 'grant-express', '592720d305a1a593b1bc99cf7c1be93924e16c7b' ]
111 silly mapToRegistry name grant-express
112 silly mapToRegistry using default registry
113 silly mapToRegistry registry https://registry.npmjs.org/
114 silly mapToRegistry uri https://registry.npmjs.org/grant-express
115 verbose addNameTag registry:https://registry.npmjs.org/grant-express not in flight; fetching
116 silly cache add parsed spec Result {
116 silly cache add   raw: 'express@latest',
116 silly cache add   scope: null,
116 silly cache add   name: 'express',
116 silly cache add   rawSpec: 'latest',
116 silly cache add   spec: 'latest',
116 silly cache add   type: 'tag' }
117 silly addNamed express@latest
118 verbose addNamed "latest" is being treated as a dist-tag for express
119 info addNameTag [ 'express', 'latest' ]
120 silly mapToRegistry name express
121 silly mapToRegistry using default registry
122 silly mapToRegistry registry https://registry.npmjs.org/
123 silly mapToRegistry uri https://registry.npmjs.org/express
124 verbose addNameTag registry:https://registry.npmjs.org/express not in flight; fetching
125 silly cache add args [ 'bcrypt@latest', null ]
126 verbose cache add spec bcrypt@latest
127 silly cache add args [ 'cookie-parser@latest', null ]
128 verbose cache add spec cookie-parser@latest
129 silly cache add args [ 'express-session@latest', null ]
130 verbose cache add spec express-session@latest
131 silly cache add args [ 'grunt-nodemon@latest', null ]
132 verbose cache add spec grunt-nodemon@latest
133 silly cache add parsed spec Result {
133 silly cache add   raw: 'body-parser@latest',
133 silly cache add   scope: null,
133 silly cache add   name: 'body-parser',
133 silly cache add   rawSpec: 'latest',
133 silly cache add   spec: 'latest',
133 silly cache add   type: 'tag' }
134 silly addNamed body-parser@latest
135 verbose addNamed "latest" is being treated as a dist-tag for body-parser
136 info addNameTag [ 'body-parser', 'latest' ]
137 silly mapToRegistry name body-parser
138 silly mapToRegistry using default registry
139 silly mapToRegistry registry https://registry.npmjs.org/
140 silly mapToRegistry uri https://registry.npmjs.org/body-parser
141 verbose addNameTag registry:https://registry.npmjs.org/body-parser not in flight; fetching
142 silly cache add parsed spec Result {
142 silly cache add   raw: 'bcrypt@latest',
142 silly cache add   scope: null,
142 silly cache add   name: 'bcrypt',
142 silly cache add   rawSpec: 'latest',
142 silly cache add   spec: 'latest',
142 silly cache add   type: 'tag' }
143 silly addNamed bcrypt@latest
144 verbose addNamed "latest" is being treated as a dist-tag for bcrypt
145 info addNameTag [ 'bcrypt', 'latest' ]
146 silly mapToRegistry name bcrypt
147 silly mapToRegistry using default registry
148 silly mapToRegistry registry https://registry.npmjs.org/
149 silly mapToRegistry uri https://registry.npmjs.org/bcrypt
150 verbose addNameTag registry:https://registry.npmjs.org/bcrypt not in flight; fetching
151 silly cache add parsed spec Result {
151 silly cache add   raw: 'cookie-parser@latest',
151 silly cache add   scope: null,
151 silly cache add   name: 'cookie-parser',
151 silly cache add   rawSpec: 'latest',
151 silly cache add   spec: 'latest',
151 silly cache add   type: 'tag' }
152 silly addNamed cookie-parser@latest
153 verbose addNamed "latest" is being treated as a dist-tag for cookie-parser
154 info addNameTag [ 'cookie-parser', 'latest' ]
155 silly mapToRegistry name cookie-parser
156 silly mapToRegistry using default registry
157 silly mapToRegistry registry https://registry.npmjs.org/
158 silly mapToRegistry uri https://registry.npmjs.org/cookie-parser
159 verbose addNameTag registry:https://registry.npmjs.org/cookie-parser not in flight; fetching
160 silly cache add parsed spec Result {
160 silly cache add   raw: 'express-session@latest',
160 silly cache add   scope: null,
160 silly cache add   name: 'express-session',
160 silly cache add   rawSpec: 'latest',
160 silly cache add   spec: 'latest',
160 silly cache add   type: 'tag' }
161 silly addNamed express-session@latest
162 verbose addNamed "latest" is being treated as a dist-tag for express-session
163 info addNameTag [ 'express-session', 'latest' ]
164 silly mapToRegistry name express-session
165 silly mapToRegistry using default registry
166 silly mapToRegistry registry https://registry.npmjs.org/
167 silly mapToRegistry uri https://registry.npmjs.org/express-session
168 verbose addNameTag registry:https://registry.npmjs.org/express-session not in flight; fetching
169 silly cache add args [ 'grunt-shell-spawn@latest', null ]
170 verbose cache add spec grunt-shell-spawn@latest
171 silly cache add parsed spec Result {
171 silly cache add   raw: 'grunt-nodemon@latest',
171 silly cache add   scope: null,
171 silly cache add   name: 'grunt-nodemon',
171 silly cache add   rawSpec: 'latest',
171 silly cache add   spec: 'latest',
171 silly cache add   type: 'tag' }
172 silly addNamed grunt-nodemon@latest
173 verbose addNamed "latest" is being treated as a dist-tag for grunt-nodemon
174 info addNameTag [ 'grunt-nodemon', 'latest' ]
175 silly mapToRegistry name grunt-nodemon
176 silly mapToRegistry using default registry
177 silly mapToRegistry registry https://registry.npmjs.org/
178 silly mapToRegistry uri https://registry.npmjs.org/grunt-nodemon
179 verbose addNameTag registry:https://registry.npmjs.org/grunt-nodemon not in flight; fetching
180 silly cache add parsed spec Result {
180 silly cache add   raw: 'grunt-shell-spawn@latest',
180 silly cache add   scope: null,
180 silly cache add   name: 'grunt-shell-spawn',
180 silly cache add   rawSpec: 'latest',
180 silly cache add   spec: 'latest',
180 silly cache add   type: 'tag' }
181 silly addNamed grunt-shell-spawn@latest
182 verbose addNamed "latest" is being treated as a dist-tag for grunt-shell-spawn
183 info addNameTag [ 'grunt-shell-spawn', 'latest' ]
184 silly mapToRegistry name grunt-shell-spawn
185 silly mapToRegistry using default registry
186 silly mapToRegistry registry https://registry.npmjs.org/
187 silly mapToRegistry uri https://registry.npmjs.org/grunt-shell-spawn
188 verbose addNameTag registry:https://registry.npmjs.org/grunt-shell-spawn not in flight; fetching
189 verbose request uri https://registry.npmjs.org/passport-local
190 verbose request no auth needed
191 info attempt registry request try #1 at 2:10:59 AM
192 verbose request id 1b2cd385a56f290a
193 verbose etag "7PF0GFV7RDBLZ2H970ISYW7Z7"
194 http request GET https://registry.npmjs.org/passport-local
195 verbose request uri https://registry.npmjs.org/passport
196 verbose request no auth needed
197 info attempt registry request try #1 at 2:10:59 AM
198 verbose etag "148OUM5H67PCHBVDF0DRB147W"
199 http request GET https://registry.npmjs.org/passport
200 verbose request uri https://registry.npmjs.org/twilio
201 verbose request no auth needed
202 info attempt registry request try #1 at 2:10:59 AM
203 verbose etag "5QKPC4K59K34W0HAYPVKOU6KB"
204 http request GET https://registry.npmjs.org/twilio
205 verbose request uri https://registry.npmjs.org/grunt-contrib-sass
206 verbose request no auth needed
207 info attempt registry request try #1 at 2:10:59 AM
208 verbose etag "46BXSB7HFPJ1G40XMQ9VU5VQF"
209 http request GET https://registry.npmjs.org/grunt-contrib-sass
210 verbose request uri https://registry.npmjs.org/grant-express
211 verbose request no auth needed
212 info attempt registry request try #1 at 2:10:59 AM
213 verbose etag "4YPORHT09KBW8ZZWUVUPITQXQ"
214 http request GET https://registry.npmjs.org/grant-express
215 verbose request uri https://registry.npmjs.org/redis
216 verbose request no auth needed
217 info attempt registry request try #1 at 2:10:59 AM
218 verbose etag "99O0YG8O6J79S555R4Y1PFMQO"
219 http request GET https://registry.npmjs.org/redis
220 verbose request uri https://registry.npmjs.org/express
221 verbose request no auth needed
222 info attempt registry request try #1 at 2:10:59 AM
223 verbose etag "2F2LE1V8XCS9XJ12082QDRXGU"
224 http request GET https://registry.npmjs.org/express
225 verbose request uri https://registry.npmjs.org/body-parser
226 verbose request no auth needed
227 info attempt registry request try #1 at 2:10:59 AM
228 verbose etag "971E3ZIAJ2SVFIFQH6XAGGE9T"
229 http request GET https://registry.npmjs.org/body-parser
230 verbose request uri https://registry.npmjs.org/cookie-parser
231 verbose request no auth needed
232 info attempt registry request try #1 at 2:10:59 AM
233 verbose etag "ATOU130F5J4CW554NZMOJYLMR"
234 http request GET https://registry.npmjs.org/cookie-parser
235 verbose request uri https://registry.npmjs.org/bcrypt
236 verbose request no auth needed
237 info attempt registry request try #1 at 2:10:59 AM
238 verbose etag "F2DI33D8DWXCY4RRWAV5CPVOR"
239 http request GET https://registry.npmjs.org/bcrypt
240 verbose request uri https://registry.npmjs.org/grunt-nodemon
241 verbose request no auth needed
242 info attempt registry request try #1 at 2:10:59 AM
243 verbose etag "8GT03K5I6PGMWCLY551QKPPSW"
244 http request GET https://registry.npmjs.org/grunt-nodemon
245 verbose request uri https://registry.npmjs.org/express-session
246 verbose request no auth needed
247 info attempt registry request try #1 at 2:10:59 AM
248 verbose etag "EV00LYBKVOJCGUGYFGNXE4LED"
249 http request GET https://registry.npmjs.org/express-session
250 verbose request uri https://registry.npmjs.org/grunt-shell-spawn
251 verbose request no auth needed
252 info attempt registry request try #1 at 2:10:59 AM
253 verbose etag "5TQMYB4XX3GZCMSRO1YG1WJRJ"
254 http request GET https://registry.npmjs.org/grunt-shell-spawn
255 http 304 https://registry.npmjs.org/express
256 silly get cb [ 304,
256 silly get   { date: 'Sat, 24 Oct 2015 06:10:59 GMT',
256 silly get     via: '1.1 varnish',
256 silly get     'cache-control': 'max-age=60',
256 silly get     etag: '"2F2LE1V8XCS9XJ12082QDRXGU"',
256 silly get     age: '53',
256 silly get     connection: 'keep-alive',
256 silly get     'x-served-by': 'cache-jfk1034-JFK',
256 silly get     'x-cache': 'HIT',
256 silly get     'x-cache-hits': '2',
256 silly get     'x-timer': 'S1445667059.606435,VS0,VE0',
256 silly get     vary: 'Accept' } ]
257 verbose etag https://registry.npmjs.org/express from cache
258 verbose get saving express to /Users/James/.npm/registry.npmjs.org/express/.cache.json
259 http 304 https://registry.npmjs.org/cookie-parser
260 silly get cb [ 304,
260 silly get   { date: 'Sat, 24 Oct 2015 06:10:59 GMT',
260 silly get     via: '1.1 varnish',
260 silly get     'cache-control': 'max-age=60',
260 silly get     etag: '"ATOU130F5J4CW554NZMOJYLMR"',
260 silly get     age: '47',
260 silly get     connection: 'keep-alive',
260 silly get     'x-served-by': 'cache-jfk1023-JFK',
260 silly get     'x-cache': 'HIT',
260 silly get     'x-cache-hits': '7',
260 silly get     'x-timer': 'S1445667059.602550,VS0,VE0',
260 silly get     vary: 'Accept' } ]
261 verbose etag https://registry.npmjs.org/cookie-parser from cache
262 verbose get saving cookie-parser to /Users/James/.npm/registry.npmjs.org/cookie-parser/.cache.json
263 http 304 https://registry.npmjs.org/express-session
264 silly get cb [ 304,
264 silly get   { date: 'Sat, 24 Oct 2015 06:10:59 GMT',
264 silly get     via: '1.1 varnish',
264 silly get     'cache-control': 'max-age=60',
264 silly get     etag: '"EV00LYBKVOJCGUGYFGNXE4LED"',
264 silly get     age: '45',
264 silly get     connection: 'keep-alive',
264 silly get     'x-served-by': 'cache-jfk1024-JFK',
264 silly get     'x-cache': 'HIT',
264 silly get     'x-cache-hits': '1',
264 silly get     'x-timer': 'S1445667059.604536,VS0,VE0',
264 silly get     vary: 'Accept' } ]
265 verbose etag https://registry.npmjs.org/express-session from cache
266 verbose get saving express-session to /Users/James/.npm/registry.npmjs.org/express-session/.cache.json
267 http 304 https://registry.npmjs.org/body-parser
268 silly get cb [ 304,
268 silly get   { date: 'Sat, 24 Oct 2015 06:10:59 GMT',
268 silly get     via: '1.1 varnish',
268 silly get     'cache-control': 'max-age=60',
268 silly get     etag: '"971E3ZIAJ2SVFIFQH6XAGGE9T"',
268 silly get     age: '2',
268 silly get     connection: 'keep-alive',
268 silly get     'x-served-by': 'cache-jfk1021-JFK',
268 silly get     'x-cache': 'HIT',
268 silly get     'x-cache-hits': '1',
268 silly get     'x-timer': 'S1445667059.605581,VS0,VE1',
268 silly get     vary: 'Accept' } ]
269 verbose etag https://registry.npmjs.org/body-parser from cache
270 verbose get saving body-parser to /Users/James/.npm/registry.npmjs.org/body-parser/.cache.json
271 http 304 https://registry.npmjs.org/bcrypt
272 silly get cb [ 304,
272 silly get   { date: 'Sat, 24 Oct 2015 06:10:59 GMT',
272 silly get     via: '1.1 varnish',
272 silly get     'cache-control': 'max-age=60',
272 silly get     etag: '"F2DI33D8DWXCY4RRWAV5CPVOR"',
272 silly get     age: '0',
272 silly get     connection: 'keep-alive',
272 silly get     'x-served-by': 'cache-jfk1033-JFK',
272 silly get     'x-cache': 'HIT',
272 silly get     'x-cache-hits': '1',
272 silly get     'x-timer': 'S1445667059.607164,VS0,VE0',
272 silly get     vary: 'Accept' } ]
273 verbose etag https://registry.npmjs.org/bcrypt from cache
274 verbose get saving bcrypt to /Users/James/.npm/registry.npmjs.org/bcrypt/.cache.json
275 http 304 https://registry.npmjs.org/passport-local
276 silly get cb [ 304,
276 silly get   { date: 'Sat, 24 Oct 2015 06:10:59 GMT',
276 silly get     via: '1.1 varnish',
276 silly get     'cache-control': 'max-age=60',
276 silly get     etag: '"7PF0GFV7RDBLZ2H970ISYW7Z7"',
276 silly get     age: '0',
276 silly get     connection: 'keep-alive',
276 silly get     'x-served-by': 'cache-jfk1033-JFK',
276 silly get     'x-cache': 'HIT',
276 silly get     'x-cache-hits': '1',
276 silly get     'x-timer': 'S1445667059.601323,VS0,VE18',
276 silly get     vary: 'Accept' } ]
277 verbose etag https://registry.npmjs.org/passport-local from cache
278 verbose get saving passport-local to /Users/James/.npm/registry.npmjs.org/passport-local/.cache.json
279 http 304 https://registry.npmjs.org/grunt-contrib-sass
280 silly get cb [ 304,
280 silly get   { date: 'Sat, 24 Oct 2015 06:10:59 GMT',
280 silly get     via: '1.1 varnish',
280 silly get     'cache-control': 'max-age=60',
280 silly get     etag: '"46BXSB7HFPJ1G40XMQ9VU5VQF"',
280 silly get     age: '0',
280 silly get     connection: 'keep-alive',
280 silly get     'x-served-by': 'cache-jfk1020-JFK',
280 silly get     'x-cache': 'HIT',
280 silly get     'x-cache-hits': '1',
280 silly get     'x-timer': 'S1445667059.602487,VS0,VE19',
280 silly get     vary: 'Accept' } ]
281 verbose etag https://registry.npmjs.org/grunt-contrib-sass from cache
282 verbose get saving grunt-contrib-sass to /Users/James/.npm/registry.npmjs.org/grunt-contrib-sass/.cache.json
283 silly addNameTag next cb for express-session with tag latest
284 silly addNamed express-session@1.11.3
285 verbose addNamed "1.11.3" is a plain semver version for express-session
286 silly addNameTag next cb for cookie-parser with tag latest
287 silly addNamed cookie-parser@1.4.0
288 verbose addNamed "1.4.0" is a plain semver version for cookie-parser
289 silly addNameTag next cb for express with tag latest
290 silly addNamed express@4.13.3
291 verbose addNamed "4.13.3" is a plain semver version for express
292 silly addNameTag next cb for body-parser with tag latest
293 silly addNamed body-parser@1.14.1
294 verbose addNamed "1.14.1" is a plain semver version for body-parser
295 silly addNameTag next cb for bcrypt with tag latest
296 silly addNamed bcrypt@0.8.5
297 verbose addNamed "0.8.5" is a plain semver version for bcrypt
298 silly addNameTag next cb for passport-local with tag latest
299 silly addNamed passport-local@1.0.0
300 verbose addNamed "1.0.0" is a plain semver version for passport-local
301 silly addNameTag next cb for grunt-contrib-sass with tag latest
302 silly addNamed grunt-contrib-sass@0.9.2
303 verbose addNamed "0.9.2" is a plain semver version for grunt-contrib-sass
304 silly cache afterAdd express-session@1.11.3
305 verbose afterAdd /Users/James/.npm/express-session/1.11.3/package/package.json not in flight; writing
306 silly cache afterAdd cookie-parser@1.4.0
307 verbose afterAdd /Users/James/.npm/cookie-parser/1.4.0/package/package.json not in flight; writing
308 silly cache afterAdd body-parser@1.14.1
309 verbose afterAdd /Users/James/.npm/body-parser/1.14.1/package/package.json not in flight; writing
310 silly cache afterAdd express@4.13.3
311 verbose afterAdd /Users/James/.npm/express/4.13.3/package/package.json not in flight; writing
312 silly cache afterAdd bcrypt@0.8.5
313 verbose afterAdd /Users/James/.npm/bcrypt/0.8.5/package/package.json not in flight; writing
314 silly cache afterAdd passport-local@1.0.0
315 verbose afterAdd /Users/James/.npm/passport-local/1.0.0/package/package.json not in flight; writing
316 silly cache afterAdd grunt-contrib-sass@0.9.2
317 verbose afterAdd /Users/James/.npm/grunt-contrib-sass/0.9.2/package/package.json not in flight; writing
318 verbose afterAdd /Users/James/.npm/express-session/1.11.3/package/package.json written
319 info already installed express-session@1.11.3
320 verbose afterAdd /Users/James/.npm/cookie-parser/1.4.0/package/package.json written
321 info already installed cookie-parser@1.4.0
322 verbose afterAdd /Users/James/.npm/express/4.13.3/package/package.json written
323 info already installed express@4.13.3
324 verbose afterAdd /Users/James/.npm/body-parser/1.14.1/package/package.json written
325 info already installed body-parser@1.14.1
326 verbose afterAdd /Users/James/.npm/bcrypt/0.8.5/package/package.json written
327 info already installed bcrypt@0.8.5
328 verbose afterAdd /Users/James/.npm/passport-local/1.0.0/package/package.json written
329 info already installed passport-local@1.0.0
330 verbose afterAdd /Users/James/.npm/grunt-contrib-sass/0.9.2/package/package.json written
331 info already installed grunt-contrib-sass@0.9.2
332 http 304 https://registry.npmjs.org/passport
333 silly get cb [ 304,
333 silly get   { date: 'Sat, 24 Oct 2015 06:10:59 GMT',
333 silly get     via: '1.1 varnish',
333 silly get     'cache-control': 'max-age=60',
333 silly get     etag: '"148OUM5H67PCHBVDF0DRB147W"',
333 silly get     age: '0',
333 silly get     connection: 'keep-alive',
333 silly get     'x-served-by': 'cache-jfk1033-JFK',
333 silly get     'x-cache': 'HIT',
333 silly get     'x-cache-hits': '1',
333 silly get     'x-timer': 'S1445667059.599325,VS0,VE83',
333 silly get     vary: 'Accept' } ]
334 verbose etag https://registry.npmjs.org/passport from cache
335 verbose get saving passport to /Users/James/.npm/registry.npmjs.org/passport/.cache.json
336 http 304 https://registry.npmjs.org/twilio
337 silly get cb [ 304,
337 silly get   { date: 'Sat, 24 Oct 2015 06:10:59 GMT',
337 silly get     via: '1.1 varnish',
337 silly get     'cache-control': 'max-age=60',
337 silly get     etag: '"5QKPC4K59K34W0HAYPVKOU6KB"',
337 silly get     age: '0',
337 silly get     connection: 'keep-alive',
337 silly get     'x-served-by': 'cache-jfk1032-JFK',
337 silly get     'x-cache': 'HIT',
337 silly get     'x-cache-hits': '1',
337 silly get     'x-timer': 'S1445667059.602178,VS0,VE82',
337 silly get     vary: 'Accept' } ]
338 verbose etag https://registry.npmjs.org/twilio from cache
339 verbose get saving twilio to /Users/James/.npm/registry.npmjs.org/twilio/.cache.json
340 http 304 https://registry.npmjs.org/redis
341 silly get cb [ 304,
341 silly get   { date: 'Sat, 24 Oct 2015 06:10:59 GMT',
341 silly get     via: '1.1 varnish',
341 silly get     'cache-control': 'max-age=60',
341 silly get     etag: '"99O0YG8O6J79S555R4Y1PFMQO"',
341 silly get     age: '0',
341 silly get     connection: 'keep-alive',
341 silly get     'x-served-by': 'cache-jfk1034-JFK',
341 silly get     'x-cache': 'HIT',
341 silly get     'x-cache-hits': '1',
341 silly get     'x-timer': 'S1445667059.605428,VS0,VE83',
341 silly get     vary: 'Accept' } ]
342 verbose etag https://registry.npmjs.org/redis from cache
343 verbose get saving redis to /Users/James/.npm/registry.npmjs.org/redis/.cache.json
344 silly addNameTag next cb for redis with tag latest
345 silly addNamed redis@2.2.5
346 verbose addNamed "2.2.5" is a plain semver version for redis
347 silly addNameTag next cb for twilio with tag latest
348 silly addNamed twilio@2.5.1
349 verbose addNamed "2.5.1" is a plain semver version for twilio
350 silly addNameTag next cb for passport with tag latest
351 silly addNamed passport@0.3.0
352 verbose addNamed "0.3.0" is a plain semver version for passport
353 silly cache afterAdd redis@2.2.5
354 verbose afterAdd /Users/James/.npm/redis/2.2.5/package/package.json not in flight; writing
355 silly cache afterAdd twilio@2.5.1
356 verbose afterAdd /Users/James/.npm/twilio/2.5.1/package/package.json not in flight; writing
357 silly cache afterAdd passport@0.3.0
358 verbose afterAdd /Users/James/.npm/passport/0.3.0/package/package.json not in flight; writing
359 http 304 https://registry.npmjs.org/grant-express
360 silly get cb [ 304,
360 silly get   { date: 'Sat, 24 Oct 2015 06:10:59 GMT',
360 silly get     via: '1.1 varnish',
360 silly get     'cache-control': 'max-age=60',
360 silly get     etag: '"4YPORHT09KBW8ZZWUVUPITQXQ"',
360 silly get     age: '0',
360 silly get     connection: 'keep-alive',
360 silly get     'x-served-by': 'cache-jfk1035-JFK',
360 silly get     'x-cache': 'MISS',
360 silly get     'x-cache-hits': '0',
360 silly get     'x-timer': 'S1445667059.603554,VS0,VE91',
360 silly get     vary: 'Accept' } ]
361 verbose etag https://registry.npmjs.org/grant-express from cache
362 verbose get saving grant-express to /Users/James/.npm/registry.npmjs.org/grant-express/.cache.json
363 verbose afterAdd /Users/James/.npm/redis/2.2.5/package/package.json written
364 info already installed redis@2.2.5
365 verbose afterAdd /Users/James/.npm/passport/0.3.0/package/package.json written
366 info already installed passport@0.3.0
367 verbose afterAdd /Users/James/.npm/twilio/2.5.1/package/package.json written
368 info already installed twilio@2.5.1
369 silly addNameTag next cb for grant-express with tag 592720d305a1a593b1bc99cf7c1be93924e16c7b
370 http 304 https://registry.npmjs.org/grunt-nodemon
371 silly get cb [ 304,
371 silly get   { date: 'Sat, 24 Oct 2015 06:10:59 GMT',
371 silly get     via: '1.1 varnish',
371 silly get     'cache-control': 'max-age=60',
371 silly get     etag: '"8GT03K5I6PGMWCLY551QKPPSW"',
371 silly get     age: '0',
371 silly get     connection: 'keep-alive',
371 silly get     'x-served-by': 'cache-jfk1024-JFK',
371 silly get     'x-cache': 'HIT',
371 silly get     'x-cache-hits': '1',
371 silly get     'x-timer': 'S1445667059.602664,VS0,VE338',
371 silly get     vary: 'Accept' } ]
372 verbose etag https://registry.npmjs.org/grunt-nodemon from cache
373 verbose get saving grunt-nodemon to /Users/James/.npm/registry.npmjs.org/grunt-nodemon/.cache.json
374 http 304 https://registry.npmjs.org/grunt-shell-spawn
375 silly get cb [ 304,
375 silly get   { date: 'Sat, 24 Oct 2015 06:10:59 GMT',
375 silly get     via: '1.1 varnish',
375 silly get     'cache-control': 'max-age=60',
375 silly get     etag: '"5TQMYB4XX3GZCMSRO1YG1WJRJ"',
375 silly get     age: '0',
375 silly get     connection: 'keep-alive',
375 silly get     'x-served-by': 'cache-jfk1030-JFK',
375 silly get     'x-cache': 'MISS',
375 silly get     'x-cache-hits': '0',
375 silly get     'x-timer': 'S1445667059.609257,VS0,VE340',
375 silly get     vary: 'Accept' } ]
376 verbose etag https://registry.npmjs.org/grunt-shell-spawn from cache
377 verbose get saving grunt-shell-spawn to /Users/James/.npm/registry.npmjs.org/grunt-shell-spawn/.cache.json
378 silly addNameTag next cb for grunt-shell-spawn with tag latest
379 silly addNamed grunt-shell-spawn@0.3.10
380 verbose addNamed "0.3.10" is a plain semver version for grunt-shell-spawn
381 silly addNameTag next cb for grunt-nodemon with tag latest
382 silly addNamed grunt-nodemon@0.4.0
383 verbose addNamed "0.4.0" is a plain semver version for grunt-nodemon
384 silly cache afterAdd grunt-nodemon@0.4.0
385 verbose afterAdd /Users/James/.npm/grunt-nodemon/0.4.0/package/package.json not in flight; writing
386 silly cache afterAdd grunt-shell-spawn@0.3.10
387 verbose afterAdd /Users/James/.npm/grunt-shell-spawn/0.3.10/package/package.json not in flight; writing
388 verbose afterAdd /Users/James/.npm/grunt-shell-spawn/0.3.10/package/package.json written
389 info already installed grunt-shell-spawn@0.3.10
390 verbose afterAdd /Users/James/.npm/grunt-nodemon/0.4.0/package/package.json written
391 info already installed grunt-nodemon@0.4.0
392 verbose stack Error: No compatible version found: grant-express@'592720d305a1a593b1bc99cf7c1be93924e16c7b'
392 verbose stack Valid install targets:
392 verbose stack ["1.0.0","3.0.0","3.0.1","3.0.2","3.0.3","3.1.0","3.2.0","3.3.0","3.3.1","3.3.2","3.3.3","3.4.0","3.5.0","3.5.1"]
392 verbose stack
392 verbose stack     at installTargetsError (/usr/local/lib/node_modules/npm/lib/cache/add-named.js:278:12)
392 verbose stack     at next (/usr/local/lib/node_modules/npm/lib/cache/add-named.js:94:10)
392 verbose stack     at RES (/usr/local/lib/node_modules/npm/node_modules/inflight/inflight.js:23:14)
392 verbose stack     at f (/usr/local/lib/node_modules/npm/node_modules/once/once.js:17:25)
392 verbose stack     at fixName (/usr/local/lib/node_modules/npm/lib/cache/add-named.js:29:5)
392 verbose stack     at saved (/usr/local/lib/node_modules/npm/lib/cache/caching-client.js:173:7)
392 verbose stack     at /usr/local/lib/node_modules/npm/node_modules/graceful-fs/polyfills.js:210:7
392 verbose stack     at FSReqWrap.oncomplete (fs.js:82:15)
393 verbose cwd /Users/James/Familee
394 error Darwin 15.0.0
395 error argv "/usr/local/bin/node" "/usr/local/bin/npm" "install"
396 error node v4.0.0
397 error npm  v2.14.2
398 error code ETARGET
399 error notarget No compatible version found: grant-express@'592720d305a1a593b1bc99cf7c1be93924e16c7b'
399 error notarget Valid install targets:
399 error notarget ["1.0.0","3.0.0","3.0.1","3.0.2","3.0.3","3.1.0","3.2.0","3.3.0","3.3.1","3.3.2","3.3.3","3.4.0","3.5.0","3.5.1"]
399 error notarget
399 error notarget This is most likely not a problem with npm itself.
399 error notarget In most cases you or one of your dependencies are requesting
399 error notarget a package version that doesn't exist.
399 error notarget
399 error notarget It was specified as a dependency of 'Familee'
400 verbose exit [ 1, true ]
